{"C:\\Users\\Jakob\\Desktop\\Unit 5\\tddlab1\\scripts.js": {"path":"C:\\Users\\Jakob\\Desktop\\Unit 5\\tddlab1\\scripts.js","statementMap":{"0":{"start":{"line":8,"column":16},"end":{"line":23,"column":1}},"1":{"start":{"line":10,"column":4},"end":{"line":10,"column":30}},"2":{"start":{"line":12,"column":4},"end":{"line":22,"column":5}},"3":{"start":{"line":13,"column":8},"end":{"line":13,"column":28}},"4":{"start":{"line":16,"column":8},"end":{"line":21,"column":9}},"5":{"start":{"line":16,"column":21},"end":{"line":16,"column":22}},"6":{"start":{"line":18,"column":12},"end":{"line":20,"column":13}},"7":{"start":{"line":19,"column":16},"end":{"line":19,"column":67}},"8":{"start":{"line":25,"column":0},"end":{"line":25,"column":27}}},"fnMap":{"0":{"name":"(anonymous_0)","decl":{"start":{"line":8,"column":16},"end":{"line":8,"column":17}},"loc":{"start":{"line":8,"column":26},"end":{"line":23,"column":1}},"line":8}},"branchMap":{"0":{"loc":{"start":{"line":12,"column":4},"end":{"line":22,"column":5}},"type":"if","locations":[{"start":{"line":12,"column":4},"end":{"line":22,"column":5}},{"start":{"line":14,"column":11},"end":{"line":22,"column":5}}],"line":12},"1":{"loc":{"start":{"line":12,"column":8},"end":{"line":12,"column":99}},"type":"binary-expr","locations":[{"start":{"line":12,"column":8},"end":{"line":12,"column":23}},{"start":{"line":12,"column":27},"end":{"line":12,"column":42}},{"start":{"line":12,"column":46},"end":{"line":12,"column":61}},{"start":{"line":12,"column":65},"end":{"line":12,"column":80}},{"start":{"line":12,"column":84},"end":{"line":12,"column":99}}],"line":12},"2":{"loc":{"start":{"line":18,"column":12},"end":{"line":20,"column":13}},"type":"if","locations":[{"start":{"line":18,"column":12},"end":{"line":20,"column":13}},{"start":{},"end":{}}],"line":18},"3":{"loc":{"start":{"line":18,"column":16},"end":{"line":18,"column":107}},"type":"binary-expr","locations":[{"start":{"line":18,"column":16},"end":{"line":18,"column":31}},{"start":{"line":18,"column":35},"end":{"line":18,"column":50}},{"start":{"line":18,"column":54},"end":{"line":18,"column":69}},{"start":{"line":18,"column":73},"end":{"line":18,"column":88}},{"start":{"line":18,"column":92},"end":{"line":18,"column":107}}],"line":18}},"s":{"0":1,"1":10,"2":10,"3":5,"4":5,"5":5,"6":12,"7":5,"8":1},"f":{"0":10},"b":{"0":[5,5],"1":[10,9,8,7,6],"2":[5,7],"3":[12,10,10,9,7]},"_coverageSchema":"1a1c01bbd47fc00a2c39e90264f33305004495a9","hash":"ea09cd1f6868e2f2cc006789a63e10946b41bdf2"}
}
